[2018-06-07T17:09:05.807] [ERROR] cheese - Error in assume role
[2018-06-07T17:09:05.812] [ERROR] cheese - { CredentialsError: Missing credentials in config
    at ClientRequest.<anonymous> (C:\xampp56\htdocs\live-testinginfraguard\infraguard\node_modules\aws-sdk\lib\http\node.js:83:34)
    at Object.onceWrapper (events.js:313:30)
    at emitNone (events.js:106:13)
    at ClientRequest.emit (events.js:208:7)
    at Socket.emitTimeout (_http_client.js:706:34)
    at Object.onceWrapper (events.js:313:30)
    at emitNone (events.js:106:13)
    at Socket.emit (events.js:208:7)
    at Socket._onTimeout (net.js:410:8)
    at ontimeout (timers.js:498:11)
  message: 'Missing credentials in config',
  code: 'CredentialsError',
  time: 2018-06-07T11:39:05.800Z,
  retryable: true,
  originalError: 
   { message: 'Could not load credentials from any providers',
     code: 'CredentialsError',
     time: 2018-06-07T11:39:05.800Z,
     retryable: true,
     originalError: 
      { message: 'Connection timed out after 1000ms',
        code: 'TimeoutError',
        time: 2018-06-07T11:39:05.799Z,
        retryable: true } } }
[2018-06-07T17:09:05.822] [ERROR] cheese - 1N/A1Linux
[2018-06-07T17:09:05.822] [ERROR] cheese - Error in assume role
[2018-06-07T17:09:05.822] [ERROR] cheese - { CredentialsError: Missing credentials in config
    at ClientRequest.<anonymous> (C:\xampp56\htdocs\live-testinginfraguard\infraguard\node_modules\aws-sdk\lib\http\node.js:83:34)
    at Object.onceWrapper (events.js:313:30)
    at emitNone (events.js:106:13)
    at ClientRequest.emit (events.js:208:7)
    at Socket.emitTimeout (_http_client.js:706:34)
    at Object.onceWrapper (events.js:313:30)
    at emitNone (events.js:106:13)
    at Socket.emit (events.js:208:7)
    at Socket._onTimeout (net.js:410:8)
    at ontimeout (timers.js:498:11)
  message: 'Missing credentials in config',
  code: 'CredentialsError',
  time: 2018-06-07T11:39:05.822Z,
  retryable: true,
  originalError: 
   { message: 'Could not load credentials from any providers',
     code: 'CredentialsError',
     time: 2018-06-07T11:39:05.822Z,
     retryable: true,
     originalError: 
      { message: 'Missing credentials in config',
        code: 'CredentialsError',
        time: 2018-06-07T11:39:05.800Z,
        retryable: true,
        originalError: [Object] } } }
[2018-06-07T17:12:10.467] [ERROR] cheese - Error in assume role
[2018-06-07T17:12:10.467] [ERROR] cheese - { CredentialsError: Missing credentials in config
    at ClientRequest.<anonymous> (C:\xampp56\htdocs\live-testinginfraguard\infraguard\node_modules\aws-sdk\lib\http\node.js:83:34)
    at Object.onceWrapper (events.js:313:30)
    at emitNone (events.js:106:13)
    at ClientRequest.emit (events.js:208:7)
    at Socket.emitTimeout (_http_client.js:706:34)
    at Object.onceWrapper (events.js:313:30)
    at emitNone (events.js:106:13)
    at Socket.emit (events.js:208:7)
    at Socket._onTimeout (net.js:410:8)
    at ontimeout (timers.js:498:11)
  message: 'Missing credentials in config',
  code: 'CredentialsError',
  time: 2018-06-07T11:42:10.467Z,
  retryable: true,
  originalError: 
   { message: 'Could not load credentials from any providers',
     code: 'CredentialsError',
     time: 2018-06-07T11:42:10.467Z,
     retryable: true,
     originalError: 
      { message: 'Connection timed out after 1000ms',
        code: 'TimeoutError',
        time: 2018-06-07T11:42:10.467Z,
        retryable: true } } }
[2018-06-07T17:12:10.467] [ERROR] cheese - 1N/A1Linux
[2018-06-07T17:12:23.156] [ERROR] cheese - Error in assume role
[2018-06-07T17:12:23.156] [ERROR] cheese - { CredentialsError: Missing credentials in config
    at ClientRequest.<anonymous> (C:\xampp56\htdocs\live-testinginfraguard\infraguard\node_modules\aws-sdk\lib\http\node.js:83:34)
    at Object.onceWrapper (events.js:313:30)
    at emitNone (events.js:106:13)
    at ClientRequest.emit (events.js:208:7)
    at Socket.emitTimeout (_http_client.js:706:34)
    at Object.onceWrapper (events.js:313:30)
    at emitNone (events.js:106:13)
    at Socket.emit (events.js:208:7)
    at Socket._onTimeout (net.js:410:8)
    at ontimeout (timers.js:498:11)
  message: 'Missing credentials in config',
  code: 'CredentialsError',
  time: 2018-06-07T11:42:23.156Z,
  retryable: true,
  originalError: 
   { message: 'Could not load credentials from any providers',
     code: 'CredentialsError',
     time: 2018-06-07T11:42:23.156Z,
     retryable: true,
     originalError: 
      { message: 'Connection timed out after 1000ms',
        code: 'TimeoutError',
        time: 2018-06-07T11:42:23.156Z,
        retryable: true } } }
[2018-06-07T17:13:50.216] [ERROR] cheese - Error in assume role
[2018-06-07T17:13:50.216] [ERROR] cheese - { CredentialsError: Missing credentials in config
    at ClientRequest.<anonymous> (C:\xampp56\htdocs\live-testinginfraguard\infraguard\node_modules\aws-sdk\lib\http\node.js:83:34)
    at Object.onceWrapper (events.js:313:30)
    at emitNone (events.js:106:13)
    at ClientRequest.emit (events.js:208:7)
    at Socket.emitTimeout (_http_client.js:706:34)
    at Object.onceWrapper (events.js:313:30)
    at emitNone (events.js:106:13)
    at Socket.emit (events.js:208:7)
    at Socket._onTimeout (net.js:410:8)
    at ontimeout (timers.js:498:11)
  message: 'Missing credentials in config',
  code: 'CredentialsError',
  time: 2018-06-07T11:43:50.216Z,
  retryable: true,
  originalError: 
   { message: 'Could not load credentials from any providers',
     code: 'CredentialsError',
     time: 2018-06-07T11:43:50.216Z,
     retryable: true,
     originalError: 
      { message: 'Connection timed out after 1000ms',
        code: 'TimeoutError',
        time: 2018-06-07T11:43:50.216Z,
        retryable: true } } }
[2018-06-07T17:15:50.421] [ERROR] cheese - Error in assume role
[2018-06-07T17:15:50.421] [ERROR] cheese - { CredentialsError: Missing credentials in config
    at ClientRequest.<anonymous> (C:\xampp56\htdocs\live-testinginfraguard\infraguard\node_modules\aws-sdk\lib\http\node.js:83:34)
    at Object.onceWrapper (events.js:313:30)
    at emitNone (events.js:106:13)
    at ClientRequest.emit (events.js:208:7)
    at Socket.emitTimeout (_http_client.js:706:34)
    at Object.onceWrapper (events.js:313:30)
    at emitNone (events.js:106:13)
    at Socket.emit (events.js:208:7)
    at Socket._onTimeout (net.js:410:8)
    at ontimeout (timers.js:498:11)
  message: 'Missing credentials in config',
  code: 'CredentialsError',
  time: 2018-06-07T11:45:50.421Z,
  retryable: true,
  originalError: 
   { message: 'Could not load credentials from any providers',
     code: 'CredentialsError',
     time: 2018-06-07T11:45:50.421Z,
     retryable: true,
     originalError: 
      { message: 'Connection timed out after 1000ms',
        code: 'TimeoutError',
        time: 2018-06-07T11:45:50.421Z,
        retryable: true } } }
[2018-06-07T17:15:50.423] [ERROR] cheese - 1N/A1Linux
[2018-06-07T17:15:50.424] [ERROR] cheese - Error in assume role
[2018-06-07T17:15:50.424] [ERROR] cheese - { CredentialsError: Missing credentials in config
    at ClientRequest.<anonymous> (C:\xampp56\htdocs\live-testinginfraguard\infraguard\node_modules\aws-sdk\lib\http\node.js:83:34)
    at Object.onceWrapper (events.js:313:30)
    at emitNone (events.js:106:13)
    at ClientRequest.emit (events.js:208:7)
    at Socket.emitTimeout (_http_client.js:706:34)
    at Object.onceWrapper (events.js:313:30)
    at emitNone (events.js:106:13)
    at Socket.emit (events.js:208:7)
    at Socket._onTimeout (net.js:410:8)
    at ontimeout (timers.js:498:11)
  message: 'Missing credentials in config',
  code: 'CredentialsError',
  time: 2018-06-07T11:45:50.424Z,
  retryable: true,
  originalError: 
   { message: 'Could not load credentials from any providers',
     code: 'CredentialsError',
     time: 2018-06-07T11:45:50.424Z,
     retryable: true,
     originalError: 
      { message: 'Missing credentials in config',
        code: 'CredentialsError',
        time: 2018-06-07T11:45:50.421Z,
        retryable: true,
        originalError: [Object] } } }
[2018-06-07T17:15:50.426] [ERROR] cheese - 1N/A1Linux
[2018-06-07T17:19:09.676] [ERROR] cheese - Error in assume role
[2018-06-07T17:19:09.676] [ERROR] cheese - { CredentialsError: Missing credentials in config
    at ClientRequest.<anonymous> (C:\xampp56\htdocs\live-testinginfraguard\infraguard\node_modules\aws-sdk\lib\http\node.js:83:34)
    at Object.onceWrapper (events.js:313:30)
    at emitNone (events.js:106:13)
    at ClientRequest.emit (events.js:208:7)
    at Socket.emitTimeout (_http_client.js:706:34)
    at Object.onceWrapper (events.js:313:30)
    at emitNone (events.js:106:13)
    at Socket.emit (events.js:208:7)
    at Socket._onTimeout (net.js:410:8)
    at ontimeout (timers.js:498:11)
  message: 'Missing credentials in config',
  code: 'CredentialsError',
  time: 2018-06-07T11:49:09.676Z,
  retryable: true,
  originalError: 
   { message: 'Could not load credentials from any providers',
     code: 'CredentialsError',
     time: 2018-06-07T11:49:09.676Z,
     retryable: true,
     originalError: 
      { message: 'Connection timed out after 1000ms',
        code: 'TimeoutError',
        time: 2018-06-07T11:49:09.676Z,
        retryable: true } } }
[2018-06-07T17:19:09.716] [ERROR] cheese - 1N/A1Linux
[2018-06-07T17:19:21.858] [ERROR] cheese - Error in assume role
[2018-06-07T17:19:21.858] [ERROR] cheese - { CredentialsError: Missing credentials in config
    at ClientRequest.<anonymous> (C:\xampp56\htdocs\live-testinginfraguard\infraguard\node_modules\aws-sdk\lib\http\node.js:83:34)
    at Object.onceWrapper (events.js:313:30)
    at emitNone (events.js:106:13)
    at ClientRequest.emit (events.js:208:7)
    at Socket.emitTimeout (_http_client.js:706:34)
    at Object.onceWrapper (events.js:313:30)
    at emitNone (events.js:106:13)
    at Socket.emit (events.js:208:7)
    at Socket._onTimeout (net.js:410:8)
    at ontimeout (timers.js:498:11)
  message: 'Missing credentials in config',
  code: 'CredentialsError',
  time: 2018-06-07T11:49:21.858Z,
  retryable: true,
  originalError: 
   { message: 'Could not load credentials from any providers',
     code: 'CredentialsError',
     time: 2018-06-07T11:49:21.858Z,
     retryable: true,
     originalError: 
      { message: 'Connection timed out after 1000ms',
        code: 'TimeoutError',
        time: 2018-06-07T11:49:21.858Z,
        retryable: true } } }
[2018-06-07T17:19:48.384] [ERROR] cheese - Error in assume role
[2018-06-07T17:19:48.384] [ERROR] cheese - { CredentialsError: Missing credentials in config
    at ClientRequest.<anonymous> (C:\xampp56\htdocs\live-testinginfraguard\infraguard\node_modules\aws-sdk\lib\http\node.js:83:34)
    at Object.onceWrapper (events.js:313:30)
    at emitNone (events.js:106:13)
    at ClientRequest.emit (events.js:208:7)
    at Socket.emitTimeout (_http_client.js:706:34)
    at Object.onceWrapper (events.js:313:30)
    at emitNone (events.js:106:13)
    at Socket.emit (events.js:208:7)
    at Socket._onTimeout (net.js:410:8)
    at ontimeout (timers.js:498:11)
  message: 'Missing credentials in config',
  code: 'CredentialsError',
  time: 2018-06-07T11:49:48.384Z,
  retryable: true,
  originalError: 
   { message: 'Could not load credentials from any providers',
     code: 'CredentialsError',
     time: 2018-06-07T11:49:48.384Z,
     retryable: true,
     originalError: 
      { message: 'Connection timed out after 1000ms',
        code: 'TimeoutError',
        time: 2018-06-07T11:49:48.384Z,
        retryable: true } } }
[2018-06-07T17:19:48.384] [ERROR] cheese - 1N/A1Linux
[2018-06-07T17:21:53.688] [ERROR] cheese - Error in assume role
[2018-06-07T17:21:53.688] [ERROR] cheese - { CredentialsError: Missing credentials in config
    at ClientRequest.<anonymous> (C:\xampp56\htdocs\live-testinginfraguard\infraguard\node_modules\aws-sdk\lib\http\node.js:83:34)
    at Object.onceWrapper (events.js:313:30)
    at emitNone (events.js:106:13)
    at ClientRequest.emit (events.js:208:7)
    at Socket.emitTimeout (_http_client.js:706:34)
    at Object.onceWrapper (events.js:313:30)
    at emitNone (events.js:106:13)
    at Socket.emit (events.js:208:7)
    at Socket._onTimeout (net.js:410:8)
    at ontimeout (timers.js:498:11)
  message: 'Missing credentials in config',
  code: 'CredentialsError',
  time: 2018-06-07T11:51:53.688Z,
  retryable: true,
  originalError: 
   { message: 'Could not load credentials from any providers',
     code: 'CredentialsError',
     time: 2018-06-07T11:51:53.688Z,
     retryable: true,
     originalError: 
      { message: 'Connection timed out after 1000ms',
        code: 'TimeoutError',
        time: 2018-06-07T11:51:53.688Z,
        retryable: true } } }
[2018-06-07T17:21:53.688] [ERROR] cheese - 1N/A1Linux
[2018-06-07T17:21:53.688] [ERROR] cheese - Error in assume role
[2018-06-07T17:21:53.688] [ERROR] cheese - { CredentialsError: Missing credentials in config
    at ClientRequest.<anonymous> (C:\xampp56\htdocs\live-testinginfraguard\infraguard\node_modules\aws-sdk\lib\http\node.js:83:34)
    at Object.onceWrapper (events.js:313:30)
    at emitNone (events.js:106:13)
    at ClientRequest.emit (events.js:208:7)
    at Socket.emitTimeout (_http_client.js:706:34)
    at Object.onceWrapper (events.js:313:30)
    at emitNone (events.js:106:13)
    at Socket.emit (events.js:208:7)
    at Socket._onTimeout (net.js:410:8)
    at ontimeout (timers.js:498:11)
  message: 'Missing credentials in config',
  code: 'CredentialsError',
  time: 2018-06-07T11:51:53.688Z,
  retryable: true,
  originalError: 
   { message: 'Could not load credentials from any providers',
     code: 'CredentialsError',
     time: 2018-06-07T11:51:53.688Z,
     retryable: true,
     originalError: 
      { message: 'Missing credentials in config',
        code: 'CredentialsError',
        time: 2018-06-07T11:51:53.688Z,
        retryable: true,
        originalError: [Object] } } }
[2018-06-07T17:21:53.698] [ERROR] cheese - 1N/A1Linux
[2018-06-07T17:22:12.891] [ERROR] cheese - Error in assume role
[2018-06-07T17:22:12.891] [ERROR] cheese - { CredentialsError: Missing credentials in config
    at ClientRequest.<anonymous> (C:\xampp56\htdocs\live-testinginfraguard\infraguard\node_modules\aws-sdk\lib\http\node.js:83:34)
    at Object.onceWrapper (events.js:313:30)
    at emitNone (events.js:106:13)
    at ClientRequest.emit (events.js:208:7)
    at Socket.emitTimeout (_http_client.js:706:34)
    at Object.onceWrapper (events.js:313:30)
    at emitNone (events.js:106:13)
    at Socket.emit (events.js:208:7)
    at Socket._onTimeout (net.js:410:8)
    at ontimeout (timers.js:498:11)
  message: 'Missing credentials in config',
  code: 'CredentialsError',
  time: 2018-06-07T11:52:12.891Z,
  retryable: true,
  originalError: 
   { message: 'Could not load credentials from any providers',
     code: 'CredentialsError',
     time: 2018-06-07T11:52:12.891Z,
     retryable: true,
     originalError: 
      { message: 'Connection timed out after 1000ms',
        code: 'TimeoutError',
        time: 2018-06-07T11:52:12.891Z,
        retryable: true } } }
[2018-06-07T17:22:12.891] [ERROR] cheese - 1N/A1Linux
[2018-06-07T17:22:54.402] [ERROR] cheese - Error in assume role
[2018-06-07T17:22:54.402] [ERROR] cheese - { CredentialsError: Missing credentials in config
    at ClientRequest.<anonymous> (C:\xampp56\htdocs\live-testinginfraguard\infraguard\node_modules\aws-sdk\lib\http\node.js:83:34)
    at Object.onceWrapper (events.js:313:30)
    at emitNone (events.js:106:13)
    at ClientRequest.emit (events.js:208:7)
    at Socket.emitTimeout (_http_client.js:706:34)
    at Object.onceWrapper (events.js:313:30)
    at emitNone (events.js:106:13)
    at Socket.emit (events.js:208:7)
    at Socket._onTimeout (net.js:410:8)
    at ontimeout (timers.js:498:11)
  message: 'Missing credentials in config',
  code: 'CredentialsError',
  time: 2018-06-07T11:52:54.402Z,
  retryable: true,
  originalError: 
   { message: 'Could not load credentials from any providers',
     code: 'CredentialsError',
     time: 2018-06-07T11:52:54.402Z,
     retryable: true,
     originalError: 
      { message: 'Connection timed out after 1000ms',
        code: 'TimeoutError',
        time: 2018-06-07T11:52:54.402Z,
        retryable: true } } }
[2018-06-07T17:22:54.404] [ERROR] cheese - 1N/A1Linux
[2018-06-07T17:23:25.090] [ERROR] cheese - Error in assume role
[2018-06-07T17:23:25.090] [ERROR] cheese - { CredentialsError: Missing credentials in config
    at ClientRequest.<anonymous> (C:\xampp56\htdocs\live-testinginfraguard\infraguard\node_modules\aws-sdk\lib\http\node.js:83:34)
    at Object.onceWrapper (events.js:313:30)
    at emitNone (events.js:106:13)
    at ClientRequest.emit (events.js:208:7)
    at Socket.emitTimeout (_http_client.js:706:34)
    at Object.onceWrapper (events.js:313:30)
    at emitNone (events.js:106:13)
    at Socket.emit (events.js:208:7)
    at Socket._onTimeout (net.js:410:8)
    at ontimeout (timers.js:498:11)
  message: 'Missing credentials in config',
  code: 'CredentialsError',
  time: 2018-06-07T11:53:25.090Z,
  retryable: true,
  originalError: 
   { message: 'Could not load credentials from any providers',
     code: 'CredentialsError',
     time: 2018-06-07T11:53:25.090Z,
     retryable: true,
     originalError: 
      { message: 'Connection timed out after 1000ms',
        code: 'TimeoutError',
        time: 2018-06-07T11:53:25.090Z,
        retryable: true } } }
[2018-06-07T17:23:25.090] [ERROR] cheese - 1N/A1Linux
[2018-06-07T17:24:10.616] [ERROR] cheese - Error in assume role
[2018-06-07T17:24:10.616] [ERROR] cheese - { CredentialsError: Missing credentials in config
    at ClientRequest.<anonymous> (C:\xampp56\htdocs\live-testinginfraguard\infraguard\node_modules\aws-sdk\lib\http\node.js:83:34)
    at Object.onceWrapper (events.js:313:30)
    at emitNone (events.js:106:13)
    at ClientRequest.emit (events.js:208:7)
    at Socket.emitTimeout (_http_client.js:706:34)
    at Object.onceWrapper (events.js:313:30)
    at emitNone (events.js:106:13)
    at Socket.emit (events.js:208:7)
    at Socket._onTimeout (net.js:410:8)
    at ontimeout (timers.js:498:11)
  message: 'Missing credentials in config',
  code: 'CredentialsError',
  time: 2018-06-07T11:54:10.616Z,
  retryable: true,
  originalError: 
   { message: 'Could not load credentials from any providers',
     code: 'CredentialsError',
     time: 2018-06-07T11:54:10.616Z,
     retryable: true,
     originalError: 
      { message: 'Connection timed out after 1000ms',
        code: 'TimeoutError',
        time: 2018-06-07T11:54:10.616Z,
        retryable: true } } }
[2018-06-07T17:24:10.619] [ERROR] cheese - 1N/A1Linux
[2018-06-07T17:35:32.628] [ERROR] cheese - Error in assume role
[2018-06-07T17:35:32.628] [ERROR] cheese - { CredentialsError: Missing credentials in config
    at ClientRequest.<anonymous> (C:\xampp56\htdocs\live-testinginfraguard\infraguard\node_modules\aws-sdk\lib\http\node.js:83:34)
    at Object.onceWrapper (events.js:313:30)
    at emitNone (events.js:106:13)
    at ClientRequest.emit (events.js:208:7)
    at Socket.emitTimeout (_http_client.js:706:34)
    at Object.onceWrapper (events.js:313:30)
    at emitNone (events.js:106:13)
    at Socket.emit (events.js:208:7)
    at Socket._onTimeout (net.js:410:8)
    at ontimeout (timers.js:498:11)
  message: 'Missing credentials in config',
  code: 'CredentialsError',
  time: 2018-06-07T12:05:32.628Z,
  retryable: true,
  originalError: 
   { message: 'Could not load credentials from any providers',
     code: 'CredentialsError',
     time: 2018-06-07T12:05:32.628Z,
     retryable: true,
     originalError: 
      { message: 'Connection timed out after 1000ms',
        code: 'TimeoutError',
        time: 2018-06-07T12:05:32.628Z,
        retryable: true } } }
[2018-06-07T17:35:32.630] [ERROR] cheese - 1N/A1Linux
[2018-06-07T17:35:46.939] [ERROR] cheese - Error in assume role
[2018-06-07T17:35:46.939] [ERROR] cheese - { CredentialsError: Missing credentials in config
    at ClientRequest.<anonymous> (C:\xampp56\htdocs\live-testinginfraguard\infraguard\node_modules\aws-sdk\lib\http\node.js:83:34)
    at Object.onceWrapper (events.js:313:30)
    at emitNone (events.js:106:13)
    at ClientRequest.emit (events.js:208:7)
    at Socket.emitTimeout (_http_client.js:706:34)
    at Object.onceWrapper (events.js:313:30)
    at emitNone (events.js:106:13)
    at Socket.emit (events.js:208:7)
    at Socket._onTimeout (net.js:410:8)
    at ontimeout (timers.js:498:11)
  message: 'Missing credentials in config',
  code: 'CredentialsError',
  time: 2018-06-07T12:05:46.939Z,
  retryable: true,
  originalError: 
   { message: 'Could not load credentials from any providers',
     code: 'CredentialsError',
     time: 2018-06-07T12:05:46.939Z,
     retryable: true,
     originalError: 
      { message: 'Connection timed out after 1000ms',
        code: 'TimeoutError',
        time: 2018-06-07T12:05:46.939Z,
        retryable: true } } }
[2018-06-07T17:36:13.055] [ERROR] cheese - Error in assume role
[2018-06-07T17:36:13.055] [ERROR] cheese - { CredentialsError: Missing credentials in config
    at ClientRequest.<anonymous> (C:\xampp56\htdocs\live-testinginfraguard\infraguard\node_modules\aws-sdk\lib\http\node.js:83:34)
    at Object.onceWrapper (events.js:313:30)
    at emitNone (events.js:106:13)
    at ClientRequest.emit (events.js:208:7)
    at Socket.emitTimeout (_http_client.js:706:34)
    at Object.onceWrapper (events.js:313:30)
    at emitNone (events.js:106:13)
    at Socket.emit (events.js:208:7)
    at Socket._onTimeout (net.js:410:8)
    at ontimeout (timers.js:498:11)
  message: 'Missing credentials in config',
  code: 'CredentialsError',
  time: 2018-06-07T12:06:13.055Z,
  retryable: true,
  originalError: 
   { message: 'Could not load credentials from any providers',
     code: 'CredentialsError',
     time: 2018-06-07T12:06:13.055Z,
     retryable: true,
     originalError: 
      { message: 'Connection timed out after 1000ms',
        code: 'TimeoutError',
        time: 2018-06-07T12:06:13.055Z,
        retryable: true } } }
[2018-06-07T17:36:13.055] [ERROR] cheese - 1N/A1Linux
[2018-06-07T17:36:24.363] [ERROR] cheese - Error in assume role
[2018-06-07T17:36:24.363] [ERROR] cheese - { CredentialsError: Missing credentials in config
    at ClientRequest.<anonymous> (C:\xampp56\htdocs\live-testinginfraguard\infraguard\node_modules\aws-sdk\lib\http\node.js:83:34)
    at Object.onceWrapper (events.js:313:30)
    at emitNone (events.js:106:13)
    at ClientRequest.emit (events.js:208:7)
    at Socket.emitTimeout (_http_client.js:706:34)
    at Object.onceWrapper (events.js:313:30)
    at emitNone (events.js:106:13)
    at Socket.emit (events.js:208:7)
    at Socket._onTimeout (net.js:410:8)
    at ontimeout (timers.js:498:11)
  message: 'Missing credentials in config',
  code: 'CredentialsError',
  time: 2018-06-07T12:06:24.363Z,
  retryable: true,
  originalError: 
   { message: 'Could not load credentials from any providers',
     code: 'CredentialsError',
     time: 2018-06-07T12:06:24.363Z,
     retryable: true,
     originalError: 
      { message: 'Connection timed out after 1000ms',
        code: 'TimeoutError',
        time: 2018-06-07T12:06:24.363Z,
        retryable: true } } }
[2018-06-07T17:36:24.363] [ERROR] cheese - 1N/A1Linux
[2018-06-07T17:36:40.928] [ERROR] cheese - Error in assume role
[2018-06-07T17:36:40.928] [ERROR] cheese - { CredentialsError: Missing credentials in config
    at ClientRequest.<anonymous> (C:\xampp56\htdocs\live-testinginfraguard\infraguard\node_modules\aws-sdk\lib\http\node.js:83:34)
    at Object.onceWrapper (events.js:313:30)
    at emitNone (events.js:106:13)
    at ClientRequest.emit (events.js:208:7)
    at Socket.emitTimeout (_http_client.js:706:34)
    at Object.onceWrapper (events.js:313:30)
    at emitNone (events.js:106:13)
    at Socket.emit (events.js:208:7)
    at Socket._onTimeout (net.js:410:8)
    at ontimeout (timers.js:498:11)
  message: 'Missing credentials in config',
  code: 'CredentialsError',
  time: 2018-06-07T12:06:40.928Z,
  retryable: true,
  originalError: 
   { message: 'Could not load credentials from any providers',
     code: 'CredentialsError',
     time: 2018-06-07T12:06:40.928Z,
     retryable: true,
     originalError: 
      { message: 'Connection timed out after 1000ms',
        code: 'TimeoutError',
        time: 2018-06-07T12:06:40.928Z,
        retryable: true } } }
[2018-06-07T17:36:40.930] [ERROR] cheese - 1N/A1Linux
[2018-06-07T17:37:19.372] [ERROR] cheese - Error in assume role
[2018-06-07T17:37:19.372] [ERROR] cheese - { CredentialsError: Missing credentials in config
    at ClientRequest.<anonymous> (C:\xampp56\htdocs\live-testinginfraguard\infraguard\node_modules\aws-sdk\lib\http\node.js:83:34)
    at Object.onceWrapper (events.js:313:30)
    at emitNone (events.js:106:13)
    at ClientRequest.emit (events.js:208:7)
    at Socket.emitTimeout (_http_client.js:706:34)
    at Object.onceWrapper (events.js:313:30)
    at emitNone (events.js:106:13)
    at Socket.emit (events.js:208:7)
    at Socket._onTimeout (net.js:410:8)
    at ontimeout (timers.js:498:11)
  message: 'Missing credentials in config',
  code: 'CredentialsError',
  time: 2018-06-07T12:07:19.372Z,
  retryable: true,
  originalError: 
   { message: 'Could not load credentials from any providers',
     code: 'CredentialsError',
     time: 2018-06-07T12:07:19.372Z,
     retryable: true,
     originalError: 
      { message: 'Connection timed out after 1000ms',
        code: 'TimeoutError',
        time: 2018-06-07T12:07:19.372Z,
        retryable: true } } }
[2018-06-08T09:10:39.178] [ERROR] cheese - Error in assume role
[2018-06-08T09:10:39.183] [ERROR] cheese - { CredentialsError: Missing credentials in config
    at ClientRequest.<anonymous> (C:\xampp56\htdocs\live-testinginfraguard\infraguard\node_modules\aws-sdk\lib\http\node.js:83:34)
    at Object.onceWrapper (events.js:313:30)
    at emitNone (events.js:106:13)
    at ClientRequest.emit (events.js:208:7)
    at Socket.emitTimeout (_http_client.js:706:34)
    at Object.onceWrapper (events.js:313:30)
    at emitNone (events.js:106:13)
    at Socket.emit (events.js:208:7)
    at Socket._onTimeout (net.js:410:8)
    at ontimeout (timers.js:498:11)
  message: 'Missing credentials in config',
  code: 'CredentialsError',
  time: 2018-06-08T03:40:39.169Z,
  retryable: true,
  originalError: 
   { message: 'Could not load credentials from any providers',
     code: 'CredentialsError',
     time: 2018-06-08T03:40:39.169Z,
     retryable: true,
     originalError: 
      { message: 'Connection timed out after 1000ms',
        code: 'TimeoutError',
        time: 2018-06-08T03:40:39.168Z,
        retryable: true } } }
[2018-06-08T09:10:39.202] [ERROR] cheese - 1N/A1Linux
[2018-06-08T09:12:58.066] [ERROR] cheese - Error in assume role
[2018-06-08T09:12:58.067] [ERROR] cheese - { CredentialsError: Missing credentials in config
    at ClientRequest.<anonymous> (C:\xampp56\htdocs\live-testinginfraguard\infraguard\node_modules\aws-sdk\lib\http\node.js:83:34)
    at Object.onceWrapper (events.js:313:30)
    at emitNone (events.js:106:13)
    at ClientRequest.emit (events.js:208:7)
    at Socket.emitTimeout (_http_client.js:706:34)
    at Object.onceWrapper (events.js:313:30)
    at emitNone (events.js:106:13)
    at Socket.emit (events.js:208:7)
    at Socket._onTimeout (net.js:410:8)
    at ontimeout (timers.js:498:11)
  message: 'Missing credentials in config',
  code: 'CredentialsError',
  time: 2018-06-08T03:42:58.066Z,
  retryable: true,
  originalError: 
   { message: 'Could not load credentials from any providers',
     code: 'CredentialsError',
     time: 2018-06-08T03:42:58.066Z,
     retryable: true,
     originalError: 
      { message: 'Connection timed out after 1000ms',
        code: 'TimeoutError',
        time: 2018-06-08T03:42:58.066Z,
        retryable: true } } }
[2018-06-08T09:12:58.072] [ERROR] cheese - 1N/A1Linux
[2018-06-08T09:13:18.615] [ERROR] cheese - Error in assume role
[2018-06-08T09:13:18.615] [ERROR] cheese - { CredentialsError: Missing credentials in config
    at ClientRequest.<anonymous> (C:\xampp56\htdocs\live-testinginfraguard\infraguard\node_modules\aws-sdk\lib\http\node.js:83:34)
    at Object.onceWrapper (events.js:313:30)
    at emitNone (events.js:106:13)
    at ClientRequest.emit (events.js:208:7)
    at Socket.emitTimeout (_http_client.js:706:34)
    at Object.onceWrapper (events.js:313:30)
    at emitNone (events.js:106:13)
    at Socket.emit (events.js:208:7)
    at Socket._onTimeout (net.js:410:8)
    at ontimeout (timers.js:498:11)
  message: 'Missing credentials in config',
  code: 'CredentialsError',
  time: 2018-06-08T03:43:18.614Z,
  retryable: true,
  originalError: 
   { message: 'Could not load credentials from any providers',
     code: 'CredentialsError',
     time: 2018-06-08T03:43:18.614Z,
     retryable: true,
     originalError: 
      { message: 'Connection timed out after 1000ms',
        code: 'TimeoutError',
        time: 2018-06-08T03:43:18.614Z,
        retryable: true } } }
[2018-06-08T09:14:51.194] [ERROR] cheese - Error in assume role
[2018-06-08T09:14:51.194] [ERROR] cheese - { CredentialsError: Missing credentials in config
    at ClientRequest.<anonymous> (C:\xampp56\htdocs\live-testinginfraguard\infraguard\node_modules\aws-sdk\lib\http\node.js:83:34)
    at Object.onceWrapper (events.js:313:30)
    at emitNone (events.js:106:13)
    at ClientRequest.emit (events.js:208:7)
    at Socket.emitTimeout (_http_client.js:706:34)
    at Object.onceWrapper (events.js:313:30)
    at emitNone (events.js:106:13)
    at Socket.emit (events.js:208:7)
    at Socket._onTimeout (net.js:410:8)
    at ontimeout (timers.js:498:11)
  message: 'Missing credentials in config',
  code: 'CredentialsError',
  time: 2018-06-08T03:44:51.194Z,
  retryable: true,
  originalError: 
   { message: 'Could not load credentials from any providers',
     code: 'CredentialsError',
     time: 2018-06-08T03:44:51.194Z,
     retryable: true,
     originalError: 
      { message: 'Connection timed out after 1000ms',
        code: 'TimeoutError',
        time: 2018-06-08T03:44:51.194Z,
        retryable: true } } }
[2018-06-08T09:14:51.201] [ERROR] cheese - 1N/A1Linux
[2018-06-08T09:15:37.890] [ERROR] cheese - Error in assume role
[2018-06-08T09:15:37.890] [ERROR] cheese - { CredentialsError: Missing credentials in config
    at ClientRequest.<anonymous> (C:\xampp56\htdocs\live-testinginfraguard\infraguard\node_modules\aws-sdk\lib\http\node.js:83:34)
    at Object.onceWrapper (events.js:313:30)
    at emitNone (events.js:106:13)
    at ClientRequest.emit (events.js:208:7)
    at Socket.emitTimeout (_http_client.js:706:34)
    at Object.onceWrapper (events.js:313:30)
    at emitNone (events.js:106:13)
    at Socket.emit (events.js:208:7)
    at Socket._onTimeout (net.js:410:8)
    at ontimeout (timers.js:498:11)
  message: 'Missing credentials in config',
  code: 'CredentialsError',
  time: 2018-06-08T03:45:37.889Z,
  retryable: true,
  originalError: 
   { message: 'Could not load credentials from any providers',
     code: 'CredentialsError',
     time: 2018-06-08T03:45:37.889Z,
     retryable: true,
     originalError: 
      { message: 'Connection timed out after 1000ms',
        code: 'TimeoutError',
        time: 2018-06-08T03:45:37.889Z,
        retryable: true } } }
[2018-06-08T09:15:37.895] [ERROR] cheese - 1N/A1Linux
[2018-06-08T09:19:14.590] [ERROR] cheese - Error in assume role
[2018-06-08T09:19:14.591] [ERROR] cheese - { CredentialsError: Missing credentials in config
    at ClientRequest.<anonymous> (C:\xampp56\htdocs\live-testinginfraguard\infraguard\node_modules\aws-sdk\lib\http\node.js:83:34)
    at Object.onceWrapper (events.js:313:30)
    at emitNone (events.js:106:13)
    at ClientRequest.emit (events.js:208:7)
    at Socket.emitTimeout (_http_client.js:706:34)
    at Object.onceWrapper (events.js:313:30)
    at emitNone (events.js:106:13)
    at Socket.emit (events.js:208:7)
    at Socket._onTimeout (net.js:410:8)
    at ontimeout (timers.js:498:11)
  message: 'Missing credentials in config',
  code: 'CredentialsError',
  time: 2018-06-08T03:49:14.590Z,
  retryable: true,
  originalError: 
   { message: 'Could not load credentials from any providers',
     code: 'CredentialsError',
     time: 2018-06-08T03:49:14.590Z,
     retryable: true,
     originalError: 
      { message: 'Connection timed out after 1000ms',
        code: 'TimeoutError',
        time: 2018-06-08T03:49:14.590Z,
        retryable: true } } }
[2018-06-08T09:20:04.595] [ERROR] cheese - Error in assume role
[2018-06-08T09:20:04.595] [ERROR] cheese - { CredentialsError: Missing credentials in config
    at ClientRequest.<anonymous> (C:\xampp56\htdocs\live-testinginfraguard\infraguard\node_modules\aws-sdk\lib\http\node.js:83:34)
    at Object.onceWrapper (events.js:313:30)
    at emitNone (events.js:106:13)
    at ClientRequest.emit (events.js:208:7)
    at Socket.emitTimeout (_http_client.js:706:34)
    at Object.onceWrapper (events.js:313:30)
    at emitNone (events.js:106:13)
    at Socket.emit (events.js:208:7)
    at Socket._onTimeout (net.js:410:8)
    at ontimeout (timers.js:498:11)
  message: 'Missing credentials in config',
  code: 'CredentialsError',
  time: 2018-06-08T03:50:04.595Z,
  retryable: true,
  originalError: 
   { message: 'Could not load credentials from any providers',
     code: 'CredentialsError',
     time: 2018-06-08T03:50:04.595Z,
     retryable: true,
     originalError: 
      { message: 'Connection timed out after 1000ms',
        code: 'TimeoutError',
        time: 2018-06-08T03:50:04.595Z,
        retryable: true } } }
[2018-06-08T09:20:04.600] [ERROR] cheese - 1N/A1Linux
[2018-06-08T10:06:22.805] [ERROR] cheese - Error in assume role
[2018-06-08T10:06:22.810] [ERROR] cheese - { CredentialsError: Missing credentials in config
    at ClientRequest.<anonymous> (C:\xampp56\htdocs\live-testinginfraguard\infraguard\node_modules\aws-sdk\lib\http\node.js:83:34)
    at Object.onceWrapper (events.js:313:30)
    at emitNone (events.js:106:13)
    at ClientRequest.emit (events.js:208:7)
    at Socket.emitTimeout (_http_client.js:706:34)
    at Object.onceWrapper (events.js:313:30)
    at emitNone (events.js:106:13)
    at Socket.emit (events.js:208:7)
    at Socket._onTimeout (net.js:410:8)
    at ontimeout (timers.js:498:11)
  message: 'Missing credentials in config',
  code: 'CredentialsError',
  time: 2018-06-08T04:36:22.795Z,
  retryable: true,
  originalError: 
   { message: 'Could not load credentials from any providers',
     code: 'CredentialsError',
     time: 2018-06-08T04:36:22.795Z,
     retryable: true,
     originalError: 
      { message: 'Connection timed out after 1000ms',
        code: 'TimeoutError',
        time: 2018-06-08T04:36:22.795Z,
        retryable: true } } }
[2018-06-08T10:06:22.828] [ERROR] cheese - 1N/A1Linux
[2018-06-08T10:06:22.830] [ERROR] cheese - Error in assume role
[2018-06-08T10:06:22.830] [ERROR] cheese - { CredentialsError: Missing credentials in config
    at ClientRequest.<anonymous> (C:\xampp56\htdocs\live-testinginfraguard\infraguard\node_modules\aws-sdk\lib\http\node.js:83:34)
    at Object.onceWrapper (events.js:313:30)
    at emitNone (events.js:106:13)
    at ClientRequest.emit (events.js:208:7)
    at Socket.emitTimeout (_http_client.js:706:34)
    at Object.onceWrapper (events.js:313:30)
    at emitNone (events.js:106:13)
    at Socket.emit (events.js:208:7)
    at Socket._onTimeout (net.js:410:8)
    at ontimeout (timers.js:498:11)
  message: 'Missing credentials in config',
  code: 'CredentialsError',
  time: 2018-06-08T04:36:22.830Z,
  retryable: true,
  originalError: 
   { message: 'Could not load credentials from any providers',
     code: 'CredentialsError',
     time: 2018-06-08T04:36:22.830Z,
     retryable: true,
     originalError: 
      { message: 'Missing credentials in config',
        code: 'CredentialsError',
        time: 2018-06-08T04:36:22.795Z,
        retryable: true,
        originalError: [Object] } } }
[2018-06-08T10:06:22.833] [ERROR] cheese - 1N/A1Linux
[2018-06-08T10:06:34.198] [ERROR] cheese - Error in assume role
[2018-06-08T10:06:34.198] [ERROR] cheese - { CredentialsError: Missing credentials in config
    at ClientRequest.<anonymous> (C:\xampp56\htdocs\live-testinginfraguard\infraguard\node_modules\aws-sdk\lib\http\node.js:83:34)
    at Object.onceWrapper (events.js:313:30)
    at emitNone (events.js:106:13)
    at ClientRequest.emit (events.js:208:7)
    at Socket.emitTimeout (_http_client.js:706:34)
    at Object.onceWrapper (events.js:313:30)
    at emitNone (events.js:106:13)
    at Socket.emit (events.js:208:7)
    at Socket._onTimeout (net.js:410:8)
    at ontimeout (timers.js:498:11)
  message: 'Missing credentials in config',
  code: 'CredentialsError',
  time: 2018-06-08T04:36:34.195Z,
  retryable: true,
  originalError: 
   { message: 'Could not load credentials from any providers',
     code: 'CredentialsError',
     time: 2018-06-08T04:36:34.195Z,
     retryable: true,
     originalError: 
      { message: 'Connection timed out after 1000ms',
        code: 'TimeoutError',
        time: 2018-06-08T04:36:34.195Z,
        retryable: true } } }
[2018-06-08T10:10:18.447] [ERROR] cheese - Error in assume role
[2018-06-08T10:10:18.447] [ERROR] cheese - { CredentialsError: Missing credentials in config
    at ClientRequest.<anonymous> (C:\xampp56\htdocs\live-testinginfraguard\infraguard\node_modules\aws-sdk\lib\http\node.js:83:34)
    at Object.onceWrapper (events.js:313:30)
    at emitNone (events.js:106:13)
    at ClientRequest.emit (events.js:208:7)
    at Socket.emitTimeout (_http_client.js:706:34)
    at Object.onceWrapper (events.js:313:30)
    at emitNone (events.js:106:13)
    at Socket.emit (events.js:208:7)
    at Socket._onTimeout (net.js:410:8)
    at ontimeout (timers.js:498:11)
  message: 'Missing credentials in config',
  code: 'CredentialsError',
  time: 2018-06-08T04:40:18.447Z,
  retryable: true,
  originalError: 
   { message: 'Could not load credentials from any providers',
     code: 'CredentialsError',
     time: 2018-06-08T04:40:18.447Z,
     retryable: true,
     originalError: 
      { message: 'Connection timed out after 1000ms',
        code: 'TimeoutError',
        time: 2018-06-08T04:40:18.447Z,
        retryable: true } } }
[2018-06-08T10:10:18.450] [ERROR] cheese - 1N/A1Linux
[2018-06-08T10:25:54.546] [ERROR] cheese - Error in assume role
[2018-06-08T10:25:54.551] [ERROR] cheese - { CredentialsError: Missing credentials in config
    at ClientRequest.<anonymous> (C:\xampp56\htdocs\live-testinginfraguard\infraguard\node_modules\aws-sdk\lib\http\node.js:83:34)
    at Object.onceWrapper (events.js:313:30)
    at emitNone (events.js:106:13)
    at ClientRequest.emit (events.js:208:7)
    at Socket.emitTimeout (_http_client.js:706:34)
    at Object.onceWrapper (events.js:313:30)
    at emitNone (events.js:106:13)
    at Socket.emit (events.js:208:7)
    at Socket._onTimeout (net.js:410:8)
    at ontimeout (timers.js:498:11)
  message: 'Missing credentials in config',
  code: 'CredentialsError',
  time: 2018-06-08T04:55:54.534Z,
  retryable: true,
  originalError: 
   { message: 'Could not load credentials from any providers',
     code: 'CredentialsError',
     time: 2018-06-08T04:55:54.534Z,
     retryable: true,
     originalError: 
      { message: 'Connection timed out after 1000ms',
        code: 'TimeoutError',
        time: 2018-06-08T04:55:54.534Z,
        retryable: true } } }
[2018-06-08T10:25:54.566] [ERROR] cheese - 1N/A1Linux
[2018-06-08T10:37:54.579] [ERROR] cheese - Error in assume role
[2018-06-08T10:37:54.579] [ERROR] cheese - { CredentialsError: Missing credentials in config
    at ClientRequest.<anonymous> (C:\xampp56\htdocs\live-testinginfraguard\infraguard\node_modules\aws-sdk\lib\http\node.js:83:34)
    at Object.onceWrapper (events.js:313:30)
    at emitNone (events.js:106:13)
    at ClientRequest.emit (events.js:208:7)
    at Socket.emitTimeout (_http_client.js:706:34)
    at Object.onceWrapper (events.js:313:30)
    at emitNone (events.js:106:13)
    at Socket.emit (events.js:208:7)
    at Socket._onTimeout (net.js:410:8)
    at ontimeout (timers.js:498:11)
  message: 'Missing credentials in config',
  code: 'CredentialsError',
  time: 2018-06-08T05:07:54.579Z,
  retryable: true,
  originalError: 
   { message: 'Could not load credentials from any providers',
     code: 'CredentialsError',
     time: 2018-06-08T05:07:54.579Z,
     retryable: true,
     originalError: 
      { message: 'Connection timed out after 1000ms',
        code: 'TimeoutError',
        time: 2018-06-08T05:07:54.579Z,
        retryable: true } } }
[2018-06-08T10:37:54.582] [ERROR] cheese - 1N/A1Linux
[2018-06-08T10:40:57.590] [ERROR] cheese - Error in assume role
[2018-06-08T10:40:57.590] [ERROR] cheese - { CredentialsError: Missing credentials in config
    at ClientRequest.<anonymous> (C:\xampp56\htdocs\live-testinginfraguard\infraguard\node_modules\aws-sdk\lib\http\node.js:83:34)
    at Object.onceWrapper (events.js:313:30)
    at emitNone (events.js:106:13)
    at ClientRequest.emit (events.js:208:7)
    at Socket.emitTimeout (_http_client.js:706:34)
    at Object.onceWrapper (events.js:313:30)
    at emitNone (events.js:106:13)
    at Socket.emit (events.js:208:7)
    at Socket._onTimeout (net.js:410:8)
    at ontimeout (timers.js:498:11)
  message: 'Missing credentials in config',
  code: 'CredentialsError',
  time: 2018-06-08T05:10:57.590Z,
  retryable: true,
  originalError: 
   { message: 'Could not load credentials from any providers',
     code: 'CredentialsError',
     time: 2018-06-08T05:10:57.590Z,
     retryable: true,
     originalError: 
      { message: 'Connection timed out after 1000ms',
        code: 'TimeoutError',
        time: 2018-06-08T05:10:57.590Z,
        retryable: true } } }
[2018-06-08T10:40:57.593] [ERROR] cheese - 1N/A1Linux
[2018-06-08T10:41:30.977] [ERROR] cheese - Error in assume role
[2018-06-08T10:41:30.977] [ERROR] cheese - { CredentialsError: Missing credentials in config
    at ClientRequest.<anonymous> (C:\xampp56\htdocs\live-testinginfraguard\infraguard\node_modules\aws-sdk\lib\http\node.js:83:34)
    at Object.onceWrapper (events.js:313:30)
    at emitNone (events.js:106:13)
    at ClientRequest.emit (events.js:208:7)
    at Socket.emitTimeout (_http_client.js:706:34)
    at Object.onceWrapper (events.js:313:30)
    at emitNone (events.js:106:13)
    at Socket.emit (events.js:208:7)
    at Socket._onTimeout (net.js:410:8)
    at ontimeout (timers.js:498:11)
  message: 'Missing credentials in config',
  code: 'CredentialsError',
  time: 2018-06-08T05:11:30.977Z,
  retryable: true,
  originalError: 
   { message: 'Could not load credentials from any providers',
     code: 'CredentialsError',
     time: 2018-06-08T05:11:30.977Z,
     retryable: true,
     originalError: 
      { message: 'Connection timed out after 1000ms',
        code: 'TimeoutError',
        time: 2018-06-08T05:11:30.977Z,
        retryable: true } } }
[2018-06-08T10:41:30.980] [ERROR] cheese - 1N/A1Linux
[2018-06-08T10:44:05.201] [ERROR] cheese - Error in assume role
[2018-06-08T10:44:05.201] [ERROR] cheese - { CredentialsError: Missing credentials in config
    at ClientRequest.<anonymous> (C:\xampp56\htdocs\live-testinginfraguard\infraguard\node_modules\aws-sdk\lib\http\node.js:83:34)
    at Object.onceWrapper (events.js:313:30)
    at emitNone (events.js:106:13)
    at ClientRequest.emit (events.js:208:7)
    at Socket.emitTimeout (_http_client.js:706:34)
    at Object.onceWrapper (events.js:313:30)
    at emitNone (events.js:106:13)
    at Socket.emit (events.js:208:7)
    at Socket._onTimeout (net.js:410:8)
    at ontimeout (timers.js:498:11)
  message: 'Missing credentials in config',
  code: 'CredentialsError',
  time: 2018-06-08T05:14:05.201Z,
  retryable: true,
  originalError: 
   { message: 'Could not load credentials from any providers',
     code: 'CredentialsError',
     time: 2018-06-08T05:14:05.201Z,
     retryable: true,
     originalError: 
      { message: 'Connection timed out after 1000ms',
        code: 'TimeoutError',
        time: 2018-06-08T05:14:05.201Z,
        retryable: true } } }
[2018-06-08T10:44:05.203] [ERROR] cheese - 1N/A1Linux
[2018-06-08T10:44:05.206] [ERROR] cheese - Error in assume role
[2018-06-08T10:44:05.206] [ERROR] cheese - { CredentialsError: Missing credentials in config
    at ClientRequest.<anonymous> (C:\xampp56\htdocs\live-testinginfraguard\infraguard\node_modules\aws-sdk\lib\http\node.js:83:34)
    at Object.onceWrapper (events.js:313:30)
    at emitNone (events.js:106:13)
    at ClientRequest.emit (events.js:208:7)
    at Socket.emitTimeout (_http_client.js:706:34)
    at Object.onceWrapper (events.js:313:30)
    at emitNone (events.js:106:13)
    at Socket.emit (events.js:208:7)
    at Socket._onTimeout (net.js:410:8)
    at ontimeout (timers.js:498:11)
  message: 'Missing credentials in config',
  code: 'CredentialsError',
  time: 2018-06-08T05:14:05.206Z,
  retryable: true,
  originalError: 
   { message: 'Could not load credentials from any providers',
     code: 'CredentialsError',
     time: 2018-06-08T05:14:05.206Z,
     retryable: true,
     originalError: 
      { message: 'Missing credentials in config',
        code: 'CredentialsError',
        time: 2018-06-08T05:14:05.201Z,
        retryable: true,
        originalError: [Object] } } }
[2018-06-08T10:45:11.244] [ERROR] cheese - Error in assume role
[2018-06-08T10:45:11.244] [ERROR] cheese - { CredentialsError: Missing credentials in config
    at ClientRequest.<anonymous> (C:\xampp56\htdocs\live-testinginfraguard\infraguard\node_modules\aws-sdk\lib\http\node.js:83:34)
    at Object.onceWrapper (events.js:313:30)
    at emitNone (events.js:106:13)
    at ClientRequest.emit (events.js:208:7)
    at Socket.emitTimeout (_http_client.js:706:34)
    at Object.onceWrapper (events.js:313:30)
    at emitNone (events.js:106:13)
    at Socket.emit (events.js:208:7)
    at Socket._onTimeout (net.js:410:8)
    at ontimeout (timers.js:498:11)
  message: 'Missing credentials in config',
  code: 'CredentialsError',
  time: 2018-06-08T05:15:11.244Z,
  retryable: true,
  originalError: 
   { message: 'Could not load credentials from any providers',
     code: 'CredentialsError',
     time: 2018-06-08T05:15:11.244Z,
     retryable: true,
     originalError: 
      { message: 'Connection timed out after 1000ms',
        code: 'TimeoutError',
        time: 2018-06-08T05:15:11.244Z,
        retryable: true } } }
[2018-06-08T10:45:11.249] [ERROR] cheese - 1N/A1Linux
[2018-06-08T10:45:11.252] [ERROR] cheese - Error in assume role
[2018-06-08T10:45:11.252] [ERROR] cheese - { CredentialsError: Missing credentials in config
    at ClientRequest.<anonymous> (C:\xampp56\htdocs\live-testinginfraguard\infraguard\node_modules\aws-sdk\lib\http\node.js:83:34)
    at Object.onceWrapper (events.js:313:30)
    at emitNone (events.js:106:13)
    at ClientRequest.emit (events.js:208:7)
    at Socket.emitTimeout (_http_client.js:706:34)
    at Object.onceWrapper (events.js:313:30)
    at emitNone (events.js:106:13)
    at Socket.emit (events.js:208:7)
    at Socket._onTimeout (net.js:410:8)
    at ontimeout (timers.js:498:11)
  message: 'Missing credentials in config',
  code: 'CredentialsError',
  time: 2018-06-08T05:15:11.252Z,
  retryable: true,
  originalError: 
   { message: 'Could not load credentials from any providers',
     code: 'CredentialsError',
     time: 2018-06-08T05:15:11.252Z,
     retryable: true,
     originalError: 
      { message: 'Missing credentials in config',
        code: 'CredentialsError',
        time: 2018-06-08T05:15:11.244Z,
        retryable: true,
        originalError: [Object] } } }
[2018-06-08T10:45:35.932] [ERROR] cheese - Error in assume role
[2018-06-08T10:45:35.932] [ERROR] cheese - { CredentialsError: Missing credentials in config
    at ClientRequest.<anonymous> (C:\xampp56\htdocs\live-testinginfraguard\infraguard\node_modules\aws-sdk\lib\http\node.js:83:34)
    at Object.onceWrapper (events.js:313:30)
    at emitNone (events.js:106:13)
    at ClientRequest.emit (events.js:208:7)
    at Socket.emitTimeout (_http_client.js:706:34)
    at Object.onceWrapper (events.js:313:30)
    at emitNone (events.js:106:13)
    at Socket.emit (events.js:208:7)
    at Socket._onTimeout (net.js:410:8)
    at ontimeout (timers.js:498:11)
  message: 'Missing credentials in config',
  code: 'CredentialsError',
  time: 2018-06-08T05:15:35.932Z,
  retryable: true,
  originalError: 
   { message: 'Could not load credentials from any providers',
     code: 'CredentialsError',
     time: 2018-06-08T05:15:35.932Z,
     retryable: true,
     originalError: 
      { message: 'Connection timed out after 1000ms',
        code: 'TimeoutError',
        time: 2018-06-08T05:15:35.932Z,
        retryable: true } } }
[2018-06-08T10:45:35.945] [ERROR] cheese - 1N/A1Linux
[2018-06-08T10:45:35.950] [ERROR] cheese - Error in assume role
[2018-06-08T10:45:35.950] [ERROR] cheese - { CredentialsError: Missing credentials in config
    at ClientRequest.<anonymous> (C:\xampp56\htdocs\live-testinginfraguard\infraguard\node_modules\aws-sdk\lib\http\node.js:83:34)
    at Object.onceWrapper (events.js:313:30)
    at emitNone (events.js:106:13)
    at ClientRequest.emit (events.js:208:7)
    at Socket.emitTimeout (_http_client.js:706:34)
    at Object.onceWrapper (events.js:313:30)
    at emitNone (events.js:106:13)
    at Socket.emit (events.js:208:7)
    at Socket._onTimeout (net.js:410:8)
    at ontimeout (timers.js:498:11)
  message: 'Missing credentials in config',
  code: 'CredentialsError',
  time: 2018-06-08T05:15:35.947Z,
  retryable: true,
  originalError: 
   { message: 'Could not load credentials from any providers',
     code: 'CredentialsError',
     time: 2018-06-08T05:15:35.947Z,
     retryable: true,
     originalError: 
      { message: 'Missing credentials in config',
        code: 'CredentialsError',
        time: 2018-06-08T05:15:35.932Z,
        retryable: true,
        originalError: [Object] } } }
[2018-06-08T10:46:13.433] [ERROR] cheese - Error in assume role
[2018-06-08T10:46:13.433] [ERROR] cheese - { CredentialsError: Missing credentials in config
    at ClientRequest.<anonymous> (C:\xampp56\htdocs\live-testinginfraguard\infraguard\node_modules\aws-sdk\lib\http\node.js:83:34)
    at Object.onceWrapper (events.js:313:30)
    at emitNone (events.js:106:13)
    at ClientRequest.emit (events.js:208:7)
    at Socket.emitTimeout (_http_client.js:706:34)
    at Object.onceWrapper (events.js:313:30)
    at emitNone (events.js:106:13)
    at Socket.emit (events.js:208:7)
    at Socket._onTimeout (net.js:410:8)
    at ontimeout (timers.js:498:11)
  message: 'Missing credentials in config',
  code: 'CredentialsError',
  time: 2018-06-08T05:16:13.433Z,
  retryable: true,
  originalError: 
   { message: 'Could not load credentials from any providers',
     code: 'CredentialsError',
     time: 2018-06-08T05:16:13.433Z,
     retryable: true,
     originalError: 
      { message: 'Connection timed out after 1000ms',
        code: 'TimeoutError',
        time: 2018-06-08T05:16:13.433Z,
        retryable: true } } }
[2018-06-08T10:46:13.435] [ERROR] cheese - 1N/A1Linux
[2018-06-08T10:46:13.438] [ERROR] cheese - Error in assume role
[2018-06-08T10:46:13.438] [ERROR] cheese - { CredentialsError: Missing credentials in config
    at ClientRequest.<anonymous> (C:\xampp56\htdocs\live-testinginfraguard\infraguard\node_modules\aws-sdk\lib\http\node.js:83:34)
    at Object.onceWrapper (events.js:313:30)
    at emitNone (events.js:106:13)
    at ClientRequest.emit (events.js:208:7)
    at Socket.emitTimeout (_http_client.js:706:34)
    at Object.onceWrapper (events.js:313:30)
    at emitNone (events.js:106:13)
    at Socket.emit (events.js:208:7)
    at Socket._onTimeout (net.js:410:8)
    at ontimeout (timers.js:498:11)
  message: 'Missing credentials in config',
  code: 'CredentialsError',
  time: 2018-06-08T05:16:13.438Z,
  retryable: true,
  originalError: 
   { message: 'Could not load credentials from any providers',
     code: 'CredentialsError',
     time: 2018-06-08T05:16:13.438Z,
     retryable: true,
     originalError: 
      { message: 'Missing credentials in config',
        code: 'CredentialsError',
        time: 2018-06-08T05:16:13.433Z,
        retryable: true,
        originalError: [Object] } } }
[2018-06-08T10:47:35.788] [ERROR] cheese - Error in assume role
[2018-06-08T10:47:35.788] [ERROR] cheese - { CredentialsError: Missing credentials in config
    at ClientRequest.<anonymous> (C:\xampp56\htdocs\live-testinginfraguard\infraguard\node_modules\aws-sdk\lib\http\node.js:83:34)
    at Object.onceWrapper (events.js:313:30)
    at emitNone (events.js:106:13)
    at ClientRequest.emit (events.js:208:7)
    at Socket.emitTimeout (_http_client.js:706:34)
    at Object.onceWrapper (events.js:313:30)
    at emitNone (events.js:106:13)
    at Socket.emit (events.js:208:7)
    at Socket._onTimeout (net.js:410:8)
    at ontimeout (timers.js:498:11)
  message: 'Missing credentials in config',
  code: 'CredentialsError',
  time: 2018-06-08T05:17:35.788Z,
  retryable: true,
  originalError: 
   { message: 'Could not load credentials from any providers',
     code: 'CredentialsError',
     time: 2018-06-08T05:17:35.788Z,
     retryable: true,
     originalError: 
      { message: 'Connection timed out after 1000ms',
        code: 'TimeoutError',
        time: 2018-06-08T05:17:35.788Z,
        retryable: true } } }
[2018-06-08T10:47:35.790] [ERROR] cheese - 1N/A1Linux
[2018-06-08T10:47:35.793] [ERROR] cheese - Error in assume role
[2018-06-08T10:47:35.793] [ERROR] cheese - { CredentialsError: Missing credentials in config
    at ClientRequest.<anonymous> (C:\xampp56\htdocs\live-testinginfraguard\infraguard\node_modules\aws-sdk\lib\http\node.js:83:34)
    at Object.onceWrapper (events.js:313:30)
    at emitNone (events.js:106:13)
    at ClientRequest.emit (events.js:208:7)
    at Socket.emitTimeout (_http_client.js:706:34)
    at Object.onceWrapper (events.js:313:30)
    at emitNone (events.js:106:13)
    at Socket.emit (events.js:208:7)
    at Socket._onTimeout (net.js:410:8)
    at ontimeout (timers.js:498:11)
  message: 'Missing credentials in config',
  code: 'CredentialsError',
  time: 2018-06-08T05:17:35.793Z,
  retryable: true,
  originalError: 
   { message: 'Could not load credentials from any providers',
     code: 'CredentialsError',
     time: 2018-06-08T05:17:35.793Z,
     retryable: true,
     originalError: 
      { message: 'Missing credentials in config',
        code: 'CredentialsError',
        time: 2018-06-08T05:17:35.788Z,
        retryable: true,
        originalError: [Object] } } }
[2018-06-08T10:48:13.796] [ERROR] cheese - Error in assume role
[2018-06-08T10:48:13.799] [ERROR] cheese - { CredentialsError: Missing credentials in config
    at ClientRequest.<anonymous> (C:\xampp56\htdocs\live-testinginfraguard\infraguard\node_modules\aws-sdk\lib\http\node.js:83:34)
    at Object.onceWrapper (events.js:313:30)
    at emitNone (events.js:106:13)
    at ClientRequest.emit (events.js:208:7)
    at Socket.emitTimeout (_http_client.js:706:34)
    at Object.onceWrapper (events.js:313:30)
    at emitNone (events.js:106:13)
    at Socket.emit (events.js:208:7)
    at Socket._onTimeout (net.js:410:8)
    at ontimeout (timers.js:498:11)
  message: 'Missing credentials in config',
  code: 'CredentialsError',
  time: 2018-06-08T05:18:13.796Z,
  retryable: true,
  originalError: 
   { message: 'Could not load credentials from any providers',
     code: 'CredentialsError',
     time: 2018-06-08T05:18:13.796Z,
     retryable: true,
     originalError: 
      { message: 'Connection timed out after 1000ms',
        code: 'TimeoutError',
        time: 2018-06-08T05:18:13.796Z,
        retryable: true } } }
[2018-06-08T10:48:13.804] [ERROR] cheese - 1N/A1Linux
[2018-06-08T10:48:13.804] [ERROR] cheese - Error in assume role
[2018-06-08T10:48:13.806] [ERROR] cheese - { CredentialsError: Missing credentials in config
    at ClientRequest.<anonymous> (C:\xampp56\htdocs\live-testinginfraguard\infraguard\node_modules\aws-sdk\lib\http\node.js:83:34)
    at Object.onceWrapper (events.js:313:30)
    at emitNone (events.js:106:13)
    at ClientRequest.emit (events.js:208:7)
    at Socket.emitTimeout (_http_client.js:706:34)
    at Object.onceWrapper (events.js:313:30)
    at emitNone (events.js:106:13)
    at Socket.emit (events.js:208:7)
    at Socket._onTimeout (net.js:410:8)
    at ontimeout (timers.js:498:11)
  message: 'Missing credentials in config',
  code: 'CredentialsError',
  time: 2018-06-08T05:18:13.804Z,
  retryable: true,
  originalError: 
   { message: 'Could not load credentials from any providers',
     code: 'CredentialsError',
     time: 2018-06-08T05:18:13.804Z,
     retryable: true,
     originalError: 
      { message: 'Missing credentials in config',
        code: 'CredentialsError',
        time: 2018-06-08T05:18:13.796Z,
        retryable: true,
        originalError: [Object] } } }
[2018-06-08T10:49:40.273] [ERROR] cheese - Error in assume role
[2018-06-08T10:49:40.273] [ERROR] cheese - { CredentialsError: Missing credentials in config
    at ClientRequest.<anonymous> (C:\xampp56\htdocs\live-testinginfraguard\infraguard\node_modules\aws-sdk\lib\http\node.js:83:34)
    at Object.onceWrapper (events.js:313:30)
    at emitNone (events.js:106:13)
    at ClientRequest.emit (events.js:208:7)
    at Socket.emitTimeout (_http_client.js:706:34)
    at Object.onceWrapper (events.js:313:30)
    at emitNone (events.js:106:13)
    at Socket.emit (events.js:208:7)
    at Socket._onTimeout (net.js:410:8)
    at ontimeout (timers.js:498:11)
  message: 'Missing credentials in config',
  code: 'CredentialsError',
  time: 2018-06-08T05:19:40.273Z,
  retryable: true,
  originalError: 
   { message: 'Could not load credentials from any providers',
     code: 'CredentialsError',
     time: 2018-06-08T05:19:40.273Z,
     retryable: true,
     originalError: 
      { message: 'Connection timed out after 1000ms',
        code: 'TimeoutError',
        time: 2018-06-08T05:19:40.273Z,
        retryable: true } } }
[2018-06-08T10:49:40.276] [ERROR] cheese - 1N/A1Linux
[2018-06-08T10:50:04.994] [ERROR] cheese - Error in assume role
[2018-06-08T10:50:04.994] [ERROR] cheese - { CredentialsError: Missing credentials in config
    at ClientRequest.<anonymous> (C:\xampp56\htdocs\live-testinginfraguard\infraguard\node_modules\aws-sdk\lib\http\node.js:83:34)
    at Object.onceWrapper (events.js:313:30)
    at emitNone (events.js:106:13)
    at ClientRequest.emit (events.js:208:7)
    at Socket.emitTimeout (_http_client.js:706:34)
    at Object.onceWrapper (events.js:313:30)
    at emitNone (events.js:106:13)
    at Socket.emit (events.js:208:7)
    at Socket._onTimeout (net.js:410:8)
    at ontimeout (timers.js:498:11)
  message: 'Missing credentials in config',
  code: 'CredentialsError',
  time: 2018-06-08T05:20:04.994Z,
  retryable: true,
  originalError: 
   { message: 'Could not load credentials from any providers',
     code: 'CredentialsError',
     time: 2018-06-08T05:20:04.994Z,
     retryable: true,
     originalError: 
      { message: 'Connection timed out after 1000ms',
        code: 'TimeoutError',
        time: 2018-06-08T05:20:04.994Z,
        retryable: true } } }
[2018-06-08T10:50:04.996] [ERROR] cheese - 1N/A1Linux
[2018-06-08T10:50:04.999] [ERROR] cheese - Error in assume role
[2018-06-08T10:50:04.999] [ERROR] cheese - { CredentialsError: Missing credentials in config
    at ClientRequest.<anonymous> (C:\xampp56\htdocs\live-testinginfraguard\infraguard\node_modules\aws-sdk\lib\http\node.js:83:34)
    at Object.onceWrapper (events.js:313:30)
    at emitNone (events.js:106:13)
    at ClientRequest.emit (events.js:208:7)
    at Socket.emitTimeout (_http_client.js:706:34)
    at Object.onceWrapper (events.js:313:30)
    at emitNone (events.js:106:13)
    at Socket.emit (events.js:208:7)
    at Socket._onTimeout (net.js:410:8)
    at ontimeout (timers.js:498:11)
  message: 'Missing credentials in config',
  code: 'CredentialsError',
  time: 2018-06-08T05:20:04.999Z,
  retryable: true,
  originalError: 
   { message: 'Could not load credentials from any providers',
     code: 'CredentialsError',
     time: 2018-06-08T05:20:04.999Z,
     retryable: true,
     originalError: 
      { message: 'Missing credentials in config',
        code: 'CredentialsError',
        time: 2018-06-08T05:20:04.994Z,
        retryable: true,
        originalError: [Object] } } }
[2018-06-08T10:50:41.419] [ERROR] cheese - Error in assume role
[2018-06-08T10:50:41.419] [ERROR] cheese - { CredentialsError: Missing credentials in config
    at ClientRequest.<anonymous> (C:\xampp56\htdocs\live-testinginfraguard\infraguard\node_modules\aws-sdk\lib\http\node.js:83:34)
    at Object.onceWrapper (events.js:313:30)
    at emitNone (events.js:106:13)
    at ClientRequest.emit (events.js:208:7)
    at Socket.emitTimeout (_http_client.js:706:34)
    at Object.onceWrapper (events.js:313:30)
    at emitNone (events.js:106:13)
    at Socket.emit (events.js:208:7)
    at Socket._onTimeout (net.js:410:8)
    at ontimeout (timers.js:498:11)
  message: 'Missing credentials in config',
  code: 'CredentialsError',
  time: 2018-06-08T05:20:41.419Z,
  retryable: true,
  originalError: 
   { message: 'Could not load credentials from any providers',
     code: 'CredentialsError',
     time: 2018-06-08T05:20:41.419Z,
     retryable: true,
     originalError: 
      { message: 'Connection timed out after 1000ms',
        code: 'TimeoutError',
        time: 2018-06-08T05:20:41.419Z,
        retryable: true } } }
[2018-06-08T10:50:41.422] [ERROR] cheese - 1N/A1Linux
[2018-06-08T10:51:20.355] [ERROR] cheese - Error in assume role
[2018-06-08T10:51:20.355] [ERROR] cheese - { CredentialsError: Missing credentials in config
    at ClientRequest.<anonymous> (C:\xampp56\htdocs\live-testinginfraguard\infraguard\node_modules\aws-sdk\lib\http\node.js:83:34)
    at Object.onceWrapper (events.js:313:30)
    at emitNone (events.js:106:13)
    at ClientRequest.emit (events.js:208:7)
    at Socket.emitTimeout (_http_client.js:706:34)
    at Object.onceWrapper (events.js:313:30)
    at emitNone (events.js:106:13)
    at Socket.emit (events.js:208:7)
    at Socket._onTimeout (net.js:410:8)
    at ontimeout (timers.js:498:11)
  message: 'Missing credentials in config',
  code: 'CredentialsError',
  time: 2018-06-08T05:21:20.355Z,
  retryable: true,
  originalError: 
   { message: 'Could not load credentials from any providers',
     code: 'CredentialsError',
     time: 2018-06-08T05:21:20.355Z,
     retryable: true,
     originalError: 
      { message: 'Connection timed out after 1000ms',
        code: 'TimeoutError',
        time: 2018-06-08T05:21:20.355Z,
        retryable: true } } }
[2018-06-08T10:51:20.357] [ERROR] cheese - 1N/A1Linux
[2018-06-08T10:52:58.127] [ERROR] cheese - Error in assume role
[2018-06-08T10:52:58.127] [ERROR] cheese - { CredentialsError: Missing credentials in config
    at ClientRequest.<anonymous> (C:\xampp56\htdocs\live-testinginfraguard\infraguard\node_modules\aws-sdk\lib\http\node.js:83:34)
    at Object.onceWrapper (events.js:313:30)
    at emitNone (events.js:106:13)
    at ClientRequest.emit (events.js:208:7)
    at Socket.emitTimeout (_http_client.js:706:34)
    at Object.onceWrapper (events.js:313:30)
    at emitNone (events.js:106:13)
    at Socket.emit (events.js:208:7)
    at Socket._onTimeout (net.js:410:8)
    at ontimeout (timers.js:498:11)
  message: 'Missing credentials in config',
  code: 'CredentialsError',
  time: 2018-06-08T05:22:58.127Z,
  retryable: true,
  originalError: 
   { message: 'Could not load credentials from any providers',
     code: 'CredentialsError',
     time: 2018-06-08T05:22:58.127Z,
     retryable: true,
     originalError: 
      { message: 'Connection timed out after 1000ms',
        code: 'TimeoutError',
        time: 2018-06-08T05:22:58.127Z,
        retryable: true } } }
[2018-06-08T10:52:58.128] [ERROR] cheese - 1N/A1Linux
[2018-06-08T10:53:26.005] [ERROR] cheese - Error in assume role
[2018-06-08T10:53:26.005] [ERROR] cheese - { CredentialsError: Missing credentials in config
    at ClientRequest.<anonymous> (C:\xampp56\htdocs\live-testinginfraguard\infraguard\node_modules\aws-sdk\lib\http\node.js:83:34)
    at Object.onceWrapper (events.js:313:30)
    at emitNone (events.js:106:13)
    at ClientRequest.emit (events.js:208:7)
    at Socket.emitTimeout (_http_client.js:706:34)
    at Object.onceWrapper (events.js:313:30)
    at emitNone (events.js:106:13)
    at Socket.emit (events.js:208:7)
    at Socket._onTimeout (net.js:410:8)
    at ontimeout (timers.js:498:11)
  message: 'Missing credentials in config',
  code: 'CredentialsError',
  time: 2018-06-08T05:23:26.005Z,
  retryable: true,
  originalError: 
   { message: 'Could not load credentials from any providers',
     code: 'CredentialsError',
     time: 2018-06-08T05:23:26.005Z,
     retryable: true,
     originalError: 
      { message: 'Connection timed out after 1000ms',
        code: 'TimeoutError',
        time: 2018-06-08T05:23:26.005Z,
        retryable: true } } }
[2018-06-08T11:09:44.274] [ERROR] cheese - Error in assume role
[2018-06-08T11:09:44.274] [ERROR] cheese - { CredentialsError: Missing credentials in config
    at ClientRequest.<anonymous> (C:\xampp56\htdocs\live-testinginfraguard\infraguard\node_modules\aws-sdk\lib\http\node.js:83:34)
    at Object.onceWrapper (events.js:313:30)
    at emitNone (events.js:106:13)
    at ClientRequest.emit (events.js:208:7)
    at Socket.emitTimeout (_http_client.js:706:34)
    at Object.onceWrapper (events.js:313:30)
    at emitNone (events.js:106:13)
    at Socket.emit (events.js:208:7)
    at Socket._onTimeout (net.js:410:8)
    at ontimeout (timers.js:498:11)
  message: 'Missing credentials in config',
  code: 'CredentialsError',
  time: 2018-06-08T05:39:44.274Z,
  retryable: true,
  originalError: 
   { message: 'Could not load credentials from any providers',
     code: 'CredentialsError',
     time: 2018-06-08T05:39:44.274Z,
     retryable: true,
     originalError: 
      { message: 'Connection timed out after 1000ms',
        code: 'TimeoutError',
        time: 2018-06-08T05:39:44.274Z,
        retryable: true } } }
[2018-06-08T11:09:44.277] [ERROR] cheese - 1N/A1Linux
[2018-06-08T12:08:09.391] [ERROR] cheese - Error in assume role
[2018-06-08T12:08:09.391] [ERROR] cheese - { CredentialsError: Missing credentials in config
    at ClientRequest.<anonymous> (C:\xampp56\htdocs\live-testinginfraguard\infraguard\node_modules\aws-sdk\lib\http\node.js:83:34)
    at Object.onceWrapper (events.js:313:30)
    at emitNone (events.js:106:13)
    at ClientRequest.emit (events.js:208:7)
    at Socket.emitTimeout (_http_client.js:706:34)
    at Object.onceWrapper (events.js:313:30)
    at emitNone (events.js:106:13)
    at Socket.emit (events.js:208:7)
    at Socket._onTimeout (net.js:410:8)
    at ontimeout (timers.js:498:11)
  message: 'Missing credentials in config',
  code: 'CredentialsError',
  time: 2018-06-08T06:38:09.391Z,
  retryable: true,
  originalError: 
   { message: 'Could not load credentials from any providers',
     code: 'CredentialsError',
     time: 2018-06-08T06:38:09.391Z,
     retryable: true,
     originalError: 
      { message: 'Connection timed out after 1000ms',
        code: 'TimeoutError',
        time: 2018-06-08T06:38:09.391Z,
        retryable: true } } }
[2018-06-08T12:08:09.394] [ERROR] cheese - 1N/A1Linux
